<?xml version="1.0" encoding="UTF-8"?>
<testng-results ignored="0" total="2" passed="2" failed="0" skipped="0">
  <reporter-output>
  </reporter-output>
  <suite started-at="2023-08-02T15:43:28 IST" name="eBanking" finished-at="2023-08-02T15:43:51 IST" duration-ms="22585">
    <groups>
    </groups>
    <test started-at="2023-08-02T15:43:28 IST" name="BankingApp Test" finished-at="2023-08-02T15:43:51 IST" duration-ms="22585">
      <class name="com.eBanking.testCases.LoginTest_TC001">
        <test-method is-config="true" signature="setup(java.lang.String)[pri:0, instance:com.eBanking.testCases.LoginTest_TC001@5fa07e12]" started-at="2023-08-02T15:43:28 IST" name="setup" finished-at="2023-08-02T15:43:37 IST" duration-ms="8531" status="PASS">
          <params>
            <param index="0">
              <value>
                <![CDATA[chrome]]>
              </value>
            </param>
          </params>
          <reporter-output>
          </reporter-output>
        </test-method> <!-- setup -->
        <test-method signature="LoginTest()[pri:0, instance:com.eBanking.testCases.LoginTest_TC001@5fa07e12]" started-at="2023-08-02T15:43:37 IST" name="LoginTest" finished-at="2023-08-02T15:43:39 IST" duration-ms="1628" status="PASS">
          <reporter-output>
          </reporter-output>
        </test-method> <!-- LoginTest -->
        <test-method is-config="true" signature="tearDown()[pri:0, instance:com.eBanking.testCases.LoginTest_TC001@5fa07e12]" started-at="2023-08-02T15:43:39 IST" name="tearDown" finished-at="2023-08-02T15:43:39 IST" duration-ms="223" status="PASS">
          <reporter-output>
          </reporter-output>
        </test-method> <!-- tearDown -->
      </class> <!-- com.eBanking.testCases.LoginTest_TC001 -->
      <class name="com.eBanking.testCases.LoginDDTest_TC002">
        <test-method is-config="true" signature="setup(java.lang.String)[pri:0, instance:com.eBanking.testCases.LoginDDTest_TC002@55b53d44]" started-at="2023-08-02T15:43:39 IST" name="setup" finished-at="2023-08-02T15:43:45 IST" duration-ms="6625" status="PASS">
          <params>
            <param index="0">
              <value>
                <![CDATA[chrome]]>
              </value>
            </param>
          </params>
          <reporter-output>
          </reporter-output>
        </test-method> <!-- setup -->
        <test-method signature="LoginDDT(java.lang.String, java.lang.String)[pri:0, instance:com.eBanking.testCases.LoginDDTest_TC002@55b53d44]" started-at="2023-08-02T15:43:46 IST" name="LoginDDT" data-provider="eBankingLoginData" finished-at="2023-08-02T15:43:51 IST" duration-ms="4397" status="PASS">
          <params>
            <param index="0">
              <value>
                <![CDATA[mngr517131]]>
              </value>
            </param>
            <param index="1">
              <value>
                <![CDATA[veqYmeb]]>
              </value>
            </param>
          </params>
          <reporter-output>
          </reporter-output>
        </test-method> <!-- LoginDDT -->
        <test-method is-config="true" signature="tearDown()[pri:0, instance:com.eBanking.testCases.LoginDDTest_TC002@55b53d44]" started-at="2023-08-02T15:43:51 IST" name="tearDown" finished-at="2023-08-02T15:43:51 IST" duration-ms="182" status="PASS">
          <reporter-output>
          </reporter-output>
        </test-method> <!-- tearDown -->
      </class> <!-- com.eBanking.testCases.LoginDDTest_TC002 -->
    </test> <!-- BankingApp Test -->
  </suite> <!-- eBanking -->
</testng-results>
